c:\users\user\source\repos\proyecto2-borrador\proyecto2-borrador\x64\debug\vc143.pdb
c:\users\user\source\repos\proyecto2-borrador\proyecto2-borrador\x64\debug\vc143.idb
c:\users\user\source\repos\proyecto2-borrador\proyecto2-borrador\x64\debug\profesor.obj
c:\users\user\source\repos\proyecto2-borrador\proyecto2-borrador\x64\debug\periodo.obj
c:\users\user\source\repos\proyecto2-borrador\proyecto2-borrador\x64\debug\nodoperiodo.obj
c:\users\user\source\repos\proyecto2-borrador\proyecto2-borrador\x64\debug\nodomat.obj
c:\users\user\source\repos\proyecto2-borrador\proyecto2-borrador\x64\debug\nodogrupo.obj
c:\users\user\source\repos\proyecto2-borrador\proyecto2-borrador\x64\debug\nodoest.obj
c:\users\user\source\repos\proyecto2-borrador\proyecto2-borrador\x64\debug\nodocurso.obj
c:\users\user\source\repos\proyecto2-borrador\proyecto2-borrador\x64\debug\matricula.obj
c:\users\user\source\repos\proyecto2-borrador\proyecto2-borrador\x64\debug\listaperiodos.obj
c:\users\user\source\repos\proyecto2-borrador\proyecto2-borrador\x64\debug\listamatricula.obj
c:\users\user\source\repos\proyecto2-borrador\proyecto2-borrador\x64\debug\listagrupos.obj
c:\users\user\source\repos\proyecto2-borrador\proyecto2-borrador\x64\debug\listaestudiantes.obj
c:\users\user\source\repos\proyecto2-borrador\proyecto2-borrador\x64\debug\listacursos.obj
c:\users\user\source\repos\proyecto2-borrador\proyecto2-borrador\x64\debug\horario.obj
c:\users\user\source\repos\proyecto2-borrador\proyecto2-borrador\x64\debug\grupo.obj
c:\users\user\source\repos\proyecto2-borrador\proyecto2-borrador\x64\debug\estudiante.obj
c:\users\user\source\repos\proyecto2-borrador\proyecto2-borrador\x64\debug\curso.obj
c:\users\user\source\repos\proyecto2-borrador\x64\debug\proyecto2-borrador.pdb
c:\users\user\source\repos\proyecto2-borrador\proyecto2-borrador\x64\debug\proyecto.27a60b5e.tlog\cl.command.1.tlog
c:\users\user\source\repos\proyecto2-borrador\proyecto2-borrador\x64\debug\proyecto.27a60b5e.tlog\cl.read.1.tlog
c:\users\user\source\repos\proyecto2-borrador\proyecto2-borrador\x64\debug\proyecto.27a60b5e.tlog\cl.write.1.tlog
c:\users\user\source\repos\proyecto2-borrador\proyecto2-borrador\x64\debug\proyecto.27a60b5e.tlog\link-cvtres.read.1.tlog
c:\users\user\source\repos\proyecto2-borrador\proyecto2-borrador\x64\debug\proyecto.27a60b5e.tlog\link-cvtres.write.1.tlog
c:\users\user\source\repos\proyecto2-borrador\proyecto2-borrador\x64\debug\proyecto.27a60b5e.tlog\link-rc.read.1.tlog
c:\users\user\source\repos\proyecto2-borrador\proyecto2-borrador\x64\debug\proyecto.27a60b5e.tlog\link-rc.write.1.tlog
c:\users\user\source\repos\proyecto2-borrador\proyecto2-borrador\x64\debug\proyecto.27a60b5e.tlog\link.command.1.tlog
c:\users\user\source\repos\proyecto2-borrador\proyecto2-borrador\x64\debug\proyecto.27a60b5e.tlog\link.read.1.tlog
c:\users\user\source\repos\proyecto2-borrador\proyecto2-borrador\x64\debug\proyecto.27a60b5e.tlog\link.read.2.tlog
c:\users\user\source\repos\proyecto2-borrador\proyecto2-borrador\x64\debug\proyecto.27a60b5e.tlog\link.write.1.tlog
